adb.eadb.exe: device '127.0.0.1:21553' not found
adb.exe: device '127.0xe: device '127.0.0.1:21503' not found
.0.1:21593' not found
Exception in thread Thread-1 (main_for_emulator):
Traceback (most recent call last):
  File "D:\Laragon\bin\python\python-3.10\lib\threading.py", line 1016, in _bootstrap_inner
Exception in thread Thread-2 (main_for_emulator):
Traceback (most recent call last):
  File "D:\Laragon\bin\python\python-3.10\lib\threading.py", line 1016, in _bootstrap_inner
Exception in thread Thread-3 (main_for_emulator):
Traceback (most recent call last):
  File "D:\Laragon\bin\python\python-3.10\lib\threading.py", line 1016, in _bootstrap_inner
    self.run()
    self.run()
  File "D:\Laragon\bin\python\python-3.10\lib\threading.py", line 953, in run
    self.run()
  File "D:\Laragon\bin\python\python-3.10\lib\threading.py", line 953, in run
  File "D:\Laragon\bin\python\python-3.10\lib\threading.py", line 953, in run
    self._target(*self._args, **self._kwargs)
  File "D:\artificial-intelligence\running-app\read.py", line 125, in main_for_emulator
    self._target(*self._args, **self._kwargs)
  File "D:\artificial-intelligence\running-app\read.py", line 125, in main_for_emulator
    tap(device, 43, 1246)
  File "D:\artificial-intelligence\running-app\read.py", line 48, in tap
    tap(device, 43, 1246)
  File "D:\artificial-intelligence\running-app\read.py", line 48, in tap
    self._target(*self._args, **self._kwargs)
  File "D:\artificial-intelligence\running-app\read.py", line 125, in main_for_emulator
    subprocess.run(cmd, shell=True, check=True)
  File "D:\Laragon\bin\python\python-3.10\lib\subprocess.py", line 524, in run
    subprocess.run(cmd, shell=True, check=True)
  File "D:\Laragon\bin\python\python-3.10\lib\subprocess.py", line 524, in run
    tap(device, 43, 1246)
  File "D:\artificial-intelligence\running-app\read.py", line 48, in tap
    subprocess.run(cmd, shell=True, check=True)
  File "D:\Laragon\bin\python\python-3.10\lib\subprocess.py", line 524, in run
    raise CalledProcessError(retcode, process.args,
subprocess.CalledProcessError: Command '"D:\Program Files\Microvirt\MEmu\adb.exe" -s 127.0.0.1:21553 shell input tap 43 1246' returned non-zero exit status 1.
    raise CalledProcessError(retcode, process.args,
subprocess.CalledProcessError: Command '"D:\Program Files\Microvirt\MEmu\adb.exe" -s 127.0.0.1:21503 shell input tap 43 1246' returned non-zero exit status 1.
    raise CalledProcessError(retcode, process.args,
subprocess.CalledProcessError: Command '"D:\Program Files\Microvirt\MEmu\adb.exe" -s 127.0.0.1:21593 shell input tap 43 1246' returned non-zero exit status 1.
